2013-10-25 11:11:11,542 [Thread-8] ERROR StackTrace  - Full Stack Trace:
org.h2.jdbc.JdbcSQLException: Database is already closed (to disable automatic closing at VM shutdown, add ";DB_CLOSE_ON_EXIT=FALSE" to the db URL) [90121-173]
	at org.h2.message.DbException.getJdbcSQLException(DbException.java:331)
	at org.h2.message.DbException.get(DbException.java:171)
	at org.h2.message.DbException.get(DbException.java:148)
	at org.h2.message.DbException.get(DbException.java:137)
	at org.h2.jdbc.JdbcConnection.checkClosed(JdbcConnection.java:1413)
	at org.h2.jdbc.JdbcConnection.checkClosed(JdbcConnection.java:1388)
	at org.h2.jdbc.JdbcConnection.getAutoCommit(JdbcConnection.java:428)
	at sun.reflect.NativeMethodAccessorImpl.invoke0(Native Method)
	at sun.reflect.NativeMethodAccessorImpl.invoke(NativeMethodAccessorImpl.java:57)
	at sun.reflect.DelegatingMethodAccessorImpl.invoke(DelegatingMethodAccessorImpl.java:43)
	at java.lang.reflect.Method.invoke(Method.java:606)
	at org.apache.tomcat.jdbc.pool.ProxyConnection.invoke(ProxyConnection.java:126)
	at org.apache.tomcat.jdbc.pool.JdbcInterceptor.invoke(JdbcInterceptor.java:109)
	at org.apache.tomcat.jdbc.pool.DisposableConnectionFacade.invoke(DisposableConnectionFacade.java:80)
	at com.sun.proxy.$Proxy28.getAutoCommit(Unknown Source)
	at org.springframework.jdbc.datasource.LazyConnectionDataSourceProxy$LazyConnectionInvocationHandler.getTargetConnection(LazyConnectionDataSourceProxy.java:421)
	at org.springframework.jdbc.datasource.LazyConnectionDataSourceProxy$LazyConnectionInvocationHandler.invoke(LazyConnectionDataSourceProxy.java:375)
	at com.sun.proxy.$Proxy29.createStatement(Unknown Source)
	at sun.reflect.NativeMethodAccessorImpl.invoke0(Native Method)
	at sun.reflect.NativeMethodAccessorImpl.invoke(NativeMethodAccessorImpl.java:57)
	at sun.reflect.DelegatingMethodAccessorImpl.invoke(DelegatingMethodAccessorImpl.java:43)
	at java.lang.reflect.Method.invoke(Method.java:606)
	at org.springframework.jdbc.datasource.TransactionAwareDataSourceProxy$TransactionAwareInvocationHandler.invoke(TransactionAwareDataSourceProxy.java:239)
	at com.sun.proxy.$Proxy29.createStatement(Unknown Source)
	at org.hibernate.tool.hbm2ddl.SchemaExport.execute(SchemaExport.java:265)
	at org.hibernate.tool.hbm2ddl.SchemaExport.drop(SchemaExport.java:229)
	at org.hibernate.impl.SessionFactoryImpl.close(SessionFactoryImpl.java:961)
	at org.codehaus.groovy.grails.orm.hibernate.SessionFactoryProxy.close(SessionFactoryProxy.java:180)
	at org.springframework.orm.hibernate3.AbstractSessionFactoryBean.destroy(AbstractSessionFactoryBean.java:228)
	at org.springframework.orm.hibernate3.LocalSessionFactoryBean.destroy(LocalSessionFactoryBean.java:902)
	at org.codehaus.groovy.grails.orm.hibernate.ConfigurableLocalSessionFactoryBean.destroy(ConfigurableLocalSessionFactoryBean.java:245)
	at org.springframework.beans.factory.support.DisposableBeanAdapter.destroy(DisposableBeanAdapter.java:238)
	at org.springframework.beans.factory.support.DefaultSingletonBeanRegistry.destroyBean(DefaultSingletonBeanRegistry.java:510)
	at org.springframework.beans.factory.support.DefaultSingletonBeanRegistry.destroySingleton(DefaultSingletonBeanRegistry.java:486)
	at org.springframework.beans.factory.support.DefaultListableBeanFactory.destroySingleton(DefaultListableBeanFactory.java:742)
	at org.springframework.beans.factory.support.DefaultSingletonBeanRegistry.destroySingletons(DefaultSingletonBeanRegistry.java:455)
	at org.springframework.context.support.AbstractApplicationContext.destroyBeans(AbstractApplicationContext.java:1090)
	at org.springframework.context.support.AbstractApplicationContext.doClose(AbstractApplicationContext.java:1064)
	at org.springframework.context.support.AbstractApplicationContext.close(AbstractApplicationContext.java:1010)
	at org.springframework.context.ConfigurableApplicationContext$close.call(Unknown Source)
	at org.codehaus.groovy.runtime.callsite.CallSiteArray.defaultCall(CallSiteArray.java:45)
	at org.codehaus.groovy.runtime.callsite.AbstractCallSite.call(AbstractCallSite.java:108)
	at org.codehaus.groovy.runtime.callsite.AbstractCallSite.call(AbstractCallSite.java:112)
	at org.codehaus.groovy.grails.support.DevelopmentShutdownHook$_setApplicationContext_closure1.doCall(DevelopmentShutdownHook.groovy:40)
	at org.codehaus.groovy.grails.support.DevelopmentShutdownHook$_setApplicationContext_closure1.doCall(DevelopmentShutdownHook.groovy)
	at sun.reflect.NativeMethodAccessorImpl.invoke0(Native Method)
	at sun.reflect.NativeMethodAccessorImpl.invoke(NativeMethodAccessorImpl.java:57)
	at sun.reflect.DelegatingMethodAccessorImpl.invoke(DelegatingMethodAccessorImpl.java:43)
	at java.lang.reflect.Method.invoke(Method.java:606)
	at org.codehaus.groovy.reflection.CachedMethod.invoke(CachedMethod.java:90)
	at groovy.lang.MetaMethod.doMethodInvoke(MetaMethod.java:233)
	at groovy.lang.MetaClassImpl.invokeMethod(MetaClassImpl.java:1085)
	at groovy.lang.ExpandoMetaClass.invokeMethod(ExpandoMetaClass.java:1110)
	at groovy.lang.MetaClassImpl.invokeMethod(MetaClassImpl.java:909)
	at groovy.lang.Closure.call(Closure.java:411)
	at groovy.lang.Closure.call(Closure.java:405)
	at groovy.lang.Closure.run(Closure.java:492)
	at java.lang.Thread.run(Thread.java:744)
2013-10-25 11:11:11,557 [Thread-8] ERROR StackTrace  - Full Stack Trace:
org.h2.jdbc.JdbcSQLException: Database is already closed (to disable automatic closing at VM shutdown, add ";DB_CLOSE_ON_EXIT=FALSE" to the db URL) [90121-173]
	at org.h2.message.DbException.getJdbcSQLException(DbException.java:331)
	at org.h2.message.DbException.get(DbException.java:171)
	at org.h2.message.DbException.get(DbException.java:148)
	at org.h2.message.DbException.get(DbException.java:137)
	at org.h2.jdbc.JdbcConnection.checkClosed(JdbcConnection.java:1413)
	at org.h2.jdbc.JdbcConnection.checkClosed(JdbcConnection.java:1388)
	at org.h2.jdbc.JdbcConnection.getAutoCommit(JdbcConnection.java:428)
	at java.lang.Thread.run(Thread.java:744)
2013-10-25 11:11:11,557 [Thread-8] ERROR StackTrace  - Full Stack Trace:
org.h2.jdbc.JdbcSQLException: Database is already closed (to disable automatic closing at VM shutdown, add ";DB_CLOSE_ON_EXIT=FALSE" to the db URL) [90121-173]
	at org.h2.message.DbException.getJdbcSQLException(DbException.java:331)
	at org.h2.message.DbException.get(DbException.java:171)
	at org.h2.message.DbException.get(DbException.java:148)
	at org.h2.message.DbException.get(DbException.java:137)
	at org.h2.jdbc.JdbcConnection.checkClosed(JdbcConnection.java:1413)
	at org.h2.jdbc.JdbcConnection.checkClosed(JdbcConnection.java:1388)
	at org.h2.jdbc.JdbcConnection.getAutoCommit(JdbcConnection.java:428)
	at java.lang.Thread.run(Thread.java:744)
2013-10-25 11:11:11,557 [Thread-8] ERROR StackTrace  - Full Stack Trace:
org.h2.jdbc.JdbcSQLException: Database is already closed (to disable automatic closing at VM shutdown, add ";DB_CLOSE_ON_EXIT=FALSE" to the db URL) [90121-173]
	at org.h2.message.DbException.getJdbcSQLException(DbException.java:331)
	at org.h2.message.DbException.get(DbException.java:171)
	at org.h2.message.DbException.get(DbException.java:148)
	at org.h2.message.DbException.get(DbException.java:137)
	at org.h2.jdbc.JdbcConnection.checkClosed(JdbcConnection.java:1413)
	at org.h2.jdbc.JdbcConnection.checkClosed(JdbcConnection.java:1388)
	at org.h2.jdbc.JdbcConnection.getAutoCommit(JdbcConnection.java:428)
	at java.lang.Thread.run(Thread.java:744)
2013-10-31 12:04:33,246 [main] ERROR StackTrace  - Full Stack Trace:
org.codehaus.groovy.grails.web.servlet.mvc.exceptions.CannotRedirectException: Cannot redirect for object [pictureuploader.DomainForTestSpock : (unsaved)] it is not a domain or has no identifier. Use an explicit redirect instead 
	at org.codehaus.groovy.grails.plugins.web.api.ControllersApi.redirect(ControllersApi.java:273)
	at groovy.lang.GroovyObjectSupport.invokeMethod(GroovyObjectSupport.java:44)
	at groovy.lang.GroovyObjectSupport.invokeMethod(GroovyObjectSupport.java:44)
	at pictureuploader.DomainForTestSpockController.save_closure4_closure9_closure10(DomainForTestSpockController.groovy:43)
	at pictureuploader.DomainForTestSpockController.save_closure4_closure9_closure10(DomainForTestSpockController.groovy)
	at groovy.lang.Closure.call(Closure.java:411)
	at groovy.lang.Closure.call(Closure.java:405)
	at org.codehaus.groovy.grails.plugins.web.api.MimeTypesApiSupport.getResponseForFormat(MimeTypesApiSupport.groovy:123)
	at org.codehaus.groovy.grails.plugins.web.api.MimeTypesApiSupport.withFormatInternal(MimeTypesApiSupport.groovy:53)
	at org.codehaus.groovy.grails.plugins.web.api.MimeTypesApiSupport.withFormat(MimeTypesApiSupport.groovy:40)
	at org.codehaus.groovy.grails.plugins.web.api.RequestMimeTypesApi.withFormat(RequestMimeTypesApi.groovy:95)
	at pictureuploader.DomainForTestSpockController.save_closure4(DomainForTestSpockController.groovy:40)
	at groovy.lang.Closure.call(Closure.java:411)
	at groovy.lang.Closure.call(Closure.java:427)
	at org.codehaus.groovy.grails.orm.support.GrailsTransactionTemplate$1.doInTransaction(GrailsTransactionTemplate.groovy:60)
	at org.springframework.transaction.support.TransactionTemplate.execute(TransactionTemplate.java:131)
	at org.codehaus.groovy.grails.orm.support.GrailsTransactionTemplate.execute(GrailsTransactionTemplate.groovy:57)
	at pictureuploader.DomainForTestSpockControllerSpec.Test the save action correctly persists an instance(DomainForTestSpockControllerSpec.groovy:52)
2013-10-31 12:04:33,266 [main] ERROR StackTrace  - Full Stack Trace:
org.codehaus.groovy.grails.web.servlet.mvc.exceptions.CannotRedirectException: Cannot redirect for object [pictureuploader.DomainForTestSpock : (unsaved)] it is not a domain or has no identifier. Use an explicit redirect instead 
	at pictureuploader.DomainForTestSpockController.save_closure4_closure9_closure10(DomainForTestSpockController.groovy:43)
	at pictureuploader.DomainForTestSpockController.save_closure4(DomainForTestSpockController.groovy:40)
	at pictureuploader.DomainForTestSpockControllerSpec.Test the save action correctly persists an instance(DomainForTestSpockControllerSpec.groovy:52)
2013-10-31 12:04:33,267 [main] ERROR StackTrace  - Full Stack Trace:
org.codehaus.groovy.grails.web.servlet.mvc.exceptions.CannotRedirectException: Cannot redirect for object [pictureuploader.DomainForTestSpock : (unsaved)] it is not a domain or has no identifier. Use an explicit redirect instead 
	at pictureuploader.DomainForTestSpockController.save_closure4_closure9_closure10(DomainForTestSpockController.groovy:43)
	at pictureuploader.DomainForTestSpockController.save_closure4(DomainForTestSpockController.groovy:40)
	at pictureuploader.DomainForTestSpockControllerSpec.Test the save action correctly persists an instance(DomainForTestSpockControllerSpec.groovy:52)
2013-10-31 12:04:33,267 [main] ERROR StackTrace  - Full Stack Trace:
org.codehaus.groovy.grails.web.servlet.mvc.exceptions.CannotRedirectException: Cannot redirect for object [pictureuploader.DomainForTestSpock : (unsaved)] it is not a domain or has no identifier. Use an explicit redirect instead 
	at pictureuploader.DomainForTestSpockController.save_closure4_closure9_closure10(DomainForTestSpockController.groovy:43)
	at pictureuploader.DomainForTestSpockController.save_closure4(DomainForTestSpockController.groovy:40)
	at pictureuploader.DomainForTestSpockControllerSpec.Test the save action correctly persists an instance(DomainForTestSpockControllerSpec.groovy:52)
2013-10-31 12:04:33,514 [main] ERROR StackTrace  - Full Stack Trace:
org.codehaus.groovy.grails.web.servlet.mvc.exceptions.CannotRedirectException: Cannot redirect for object [pictureuploader.DomainForTestSpock : (unsaved)] it is not a domain or has no identifier. Use an explicit redirect instead 
	at pictureuploader.DomainForTestSpockController.save_closure4_closure9_closure10(DomainForTestSpockController.groovy:43)
	at pictureuploader.DomainForTestSpockController.save_closure4(DomainForTestSpockController.groovy:40)
	at pictureuploader.DomainForTestSpockControllerSpec.Test the save action correctly persists an instance(DomainForTestSpockControllerSpec.groovy:52)
2013-10-31 12:04:33,515 [main] ERROR StackTrace  - Full Stack Trace:
org.codehaus.groovy.grails.web.servlet.mvc.exceptions.CannotRedirectException: Cannot redirect for object [pictureuploader.DomainForTestSpock : (unsaved)] it is not a domain or has no identifier. Use an explicit redirect instead 
	at pictureuploader.DomainForTestSpockController.save_closure4_closure9_closure10(DomainForTestSpockController.groovy:43)
	at pictureuploader.DomainForTestSpockController.save_closure4(DomainForTestSpockController.groovy:40)
	at pictureuploader.DomainForTestSpockControllerSpec.Test the save action correctly persists an instance(DomainForTestSpockControllerSpec.groovy:52)
2013-10-31 12:04:33,856 [main] ERROR StackTrace  - Full Stack Trace:
java.lang.NullPointerException: Cannot get property 'id' on null object
	at pictureuploader.DomainForTestSpockControllerSpec.Test the update action performs an update on a valid domain instance(DomainForTestSpockControllerSpec.groovy:118)
2013-10-31 12:04:33,856 [main] ERROR StackTrace  - Full Stack Trace:
java.lang.NullPointerException: Cannot get property 'id' on null object
	at pictureuploader.DomainForTestSpockControllerSpec.Test the update action performs an update on a valid domain instance(DomainForTestSpockControllerSpec.groovy:118)
2013-10-31 12:04:33,857 [main] ERROR StackTrace  - Full Stack Trace:
java.lang.NullPointerException: Cannot get property 'id' on null object
	at pictureuploader.DomainForTestSpockControllerSpec.Test the update action performs an update on a valid domain instance(DomainForTestSpockControllerSpec.groovy:118)
2013-10-31 12:04:33,857 [main] ERROR StackTrace  - Full Stack Trace:
java.lang.NullPointerException: Cannot get property 'id' on null object
	at pictureuploader.DomainForTestSpockControllerSpec.Test the update action performs an update on a valid domain instance(DomainForTestSpockControllerSpec.groovy:118)
2013-10-31 12:04:33,857 [main] ERROR StackTrace  - Full Stack Trace:
java.lang.NullPointerException: Cannot get property 'id' on null object
	at pictureuploader.DomainForTestSpockControllerSpec.Test the update action performs an update on a valid domain instance(DomainForTestSpockControllerSpec.groovy:118)
2013-10-31 12:04:33,857 [main] ERROR StackTrace  - Full Stack Trace:
java.lang.NullPointerException: Cannot get property 'id' on null object
	at pictureuploader.DomainForTestSpockControllerSpec.Test the update action performs an update on a valid domain instance(DomainForTestSpockControllerSpec.groovy:118)
2013-10-31 12:04:33,943 [main] ERROR StackTrace  - Full Stack Trace:
Condition not satisfied:

DomainForTestSpock.count() == 1
                   |       |
                   0       false

	at pictureuploader.DomainForTestSpockControllerSpec.Test that the delete action deletes an instance if it exists(DomainForTestSpockControllerSpec.groovy:136)
2013-10-31 12:04:33,944 [main] ERROR StackTrace  - Full Stack Trace:
Condition not satisfied:

DomainForTestSpock.count() == 1
                   |       |
                   0       false

	at pictureuploader.DomainForTestSpockControllerSpec.Test that the delete action deletes an instance if it exists(DomainForTestSpockControllerSpec.groovy:136)
2013-10-31 12:04:33,945 [main] ERROR StackTrace  - Full Stack Trace:
junit.framework.AssertionFailedError: Condition not satisfied:

DomainForTestSpock.count() == 1
                   |       |
                   0       false

	at pictureuploader.DomainForTestSpockControllerSpec.Test that the delete action deletes an instance if it exists(DomainForTestSpockControllerSpec.groovy:136)
2013-10-31 12:04:33,945 [main] ERROR StackTrace  - Full Stack Trace:
junit.framework.AssertionFailedError: Condition not satisfied:

DomainForTestSpock.count() == 1
                   |       |
                   0       false

	at pictureuploader.DomainForTestSpockControllerSpec.Test that the delete action deletes an instance if it exists(DomainForTestSpockControllerSpec.groovy:136)
2013-10-31 12:04:33,945 [main] ERROR StackTrace  - Full Stack Trace:
junit.framework.AssertionFailedError: Condition not satisfied:

DomainForTestSpock.count() == 1
                   |       |
                   0       false

	at pictureuploader.DomainForTestSpockControllerSpec.Test that the delete action deletes an instance if it exists(DomainForTestSpockControllerSpec.groovy:136)
2013-10-31 12:04:33,945 [main] ERROR StackTrace  - Full Stack Trace:
junit.framework.AssertionFailedError: Condition not satisfied:

DomainForTestSpock.count() == 1
                   |       |
                   0       false

	at pictureuploader.DomainForTestSpockControllerSpec.Test that the delete action deletes an instance if it exists(DomainForTestSpockControllerSpec.groovy:136)
